<testsuites id="" name="" tests="21" failures="0" skipped="0" errors="0" time="417.01708800000006">
<testsuite name="tests\setup\manager.auth.setup.ts" timestamp="2026-06-12T20:48:41.460Z" hostname="setup-manager" tests="1" failures="0" skipped="0" time="5.487" errors="0">
<testcase name="authenticate as manager" classname="tests\setup\manager.auth.setup.ts" time="5.487">
<system-out>
<![CDATA[
[[ATTACHMENT|test-results\manager.auth.setup.ts-authenticate-as-manager-setup-manager\video.webm]]
]]>
</system-out>
</testcase>
</testsuite>
<testsuite name="tests\suites\02-manager.spec.ts" timestamp="2026-06-12T20:48:41.460Z" hostname="manager" tests="5" failures="0" skipped="0" time="85.145" errors="0">
<testcase name="Suite 2: Manager › views dashboard and opens KPI Analytics @smoke" classname="tests\suites\02-manager.spec.ts" time="15.404">
<system-out>
<![CDATA[
[[ATTACHMENT|test-results\02-manager-Suite-2-Manager-4109f-d-opens-KPI-Analytics-smoke-manager\video.webm]]
]]>
</system-out>
</testcase>
<testcase name="Suite 2: Manager › filters dashboard analytics by developer" classname="tests\suites\02-manager.spec.ts" time="17.75">
<system-out>
<![CDATA[
[[ATTACHMENT|test-results\02-manager-Suite-2-Manager-6abbd-oard-analytics-by-developer-manager\video.webm]]
]]>
</system-out>
</testcase>
<testcase name="Suite 2: Manager › views scorecards and completion metrics with all sprints filter" classname="tests\suites\02-manager.spec.ts" time="16.748">
<system-out>
<![CDATA[
[[ATTACHMENT|test-results\02-manager-Suite-2-Manager-7573d-ics-with-all-sprints-filter-manager\video.webm]]
]]>
</system-out>
</testcase>
<testcase name="Suite 2: Manager › explores AI Insights" classname="tests\suites\02-manager.spec.ts" time="17.194">
<system-out>
<![CDATA[
[[ATTACHMENT|test-results\02-manager-Suite-2-Manager-explores-AI-Insights-manager\video.webm]]
]]>
</system-out>
</testcase>
<testcase name="Suite 2: Manager › opens Tasks and Kanban board" classname="tests\suites\02-manager.spec.ts" time="18.049">
<system-out>
<![CDATA[
[[ATTACHMENT|test-results\02-manager-Suite-2-Manager-opens-Tasks-and-Kanban-board-manager\video.webm]]
]]>
</system-out>
</testcase>
</testsuite>
<testsuite name="tests\suites\03-tasks.spec.ts" timestamp="2026-06-12T20:48:41.460Z" hostname="manager" tests="4" failures="0" skipped="0" time="128.63" errors="0">
<testcase name="Suite 3: Tasks › creates three tasks with full information @smoke" classname="tests\suites\03-tasks.spec.ts" time="53.977">
<system-out>
<![CDATA[
[[ATTACHMENT|test-results\03-tasks-Suite-3-Tasks-cre-491ad-with-full-information-smoke-manager\video.webm]]
]]>
</system-out>
</testcase>
<testcase name="Suite 3: Tasks › creates task assigned to developer for Kanban" classname="tests\suites\03-tasks.spec.ts" time="27.34">
<system-out>
<![CDATA[
[[ATTACHMENT|test-results\03-tasks-Suite-3-Tasks-cre-da6ea-ned-to-developer-for-Kanban-manager\video.webm]]
]]>
</system-out>
</testcase>
<testcase name="Suite 3: Tasks › manager filters completed tasks by Done status" classname="tests\suites\03-tasks.spec.ts" time="19.164">
<system-out>
<![CDATA[
[[ATTACHMENT|test-results\03-tasks-Suite-3-Tasks-man-55fca-pleted-tasks-by-Done-status-manager\video.webm]]
]]>
</system-out>
</testcase>
<testcase name="Suite 3: Tasks › manager deletes a task" classname="tests\suites\03-tasks.spec.ts" time="28.149">
<system-out>
<![CDATA[
[[ATTACHMENT|test-results\03-tasks-Suite-3-Tasks-manager-deletes-a-task-manager\video.webm]]
]]>
</system-out>
</testcase>
</testsuite>
<testsuite name="tests\setup\developer.auth.setup.ts" timestamp="2026-06-12T20:48:41.460Z" hostname="setup-developer" tests="1" failures="0" skipped="0" time="4.341" errors="0">
<testcase name="authenticate as developer" classname="tests\setup\developer.auth.setup.ts" time="4.341">
<system-out>
<![CDATA[
[[ATTACHMENT|test-results\developer.auth.setup.ts-authenticate-as-developer-setup-developer\video.webm]]
]]>
</system-out>
</testcase>
</testsuite>
<testsuite name="tests\suites\01-auth.spec.ts" timestamp="2026-06-12T20:48:41.460Z" hostname="auth" tests="2" failures="0" skipped="0" time="47.766" errors="0">
<testcase name="Suite 1: Authentication › login — invalid credentials shows error @smoke" classname="tests\suites\01-auth.spec.ts" time="13.934">
<properties>
<property name="slow" value="">
</property>
</properties>
<system-out>
<![CDATA[
[[ATTACHMENT|test-results\01-auth-Suite-1-Authentica-003e8-edentials-shows-error-smoke-auth\attachments\login-form-evidence-png-42f7e3cb92986fc5037227d4d1cf000e870454ad.png]]

[[ATTACHMENT|test-results\01-auth-Suite-1-Authentica-003e8-edentials-shows-error-smoke-auth\attachments\invalid-login-error-png-356e9d048eb148679857d5d6f696290c2a1ffcdd.png]]

[[ATTACHMENT|test-results\01-auth-Suite-1-Authentica-003e8-edentials-shows-error-smoke-auth\video.webm]]
]]>
</system-out>
</testcase>
<testcase name="Suite 1: Authentication › login — valid manager reaches dashboard @smoke" classname="tests\suites\01-auth.spec.ts" time="33.832">
<properties>
<property name="slow" value="">
</property>
</properties>
<system-out>
<![CDATA[
[[ATTACHMENT|test-results\01-auth-Suite-1-Authentica-73dc8-ger-reaches-dashboard-smoke-auth\attachments\dashboard-after-login-png-ae8819df8d39210c78243fdeecd00f9bcf3eefae.png]]

[[ATTACHMENT|test-results\01-auth-Suite-1-Authentica-73dc8-ger-reaches-dashboard-smoke-auth\video.webm]]
]]>
</system-out>
</testcase>
</testsuite>
<testsuite name="tests\suites\05-mock-api.spec.ts" timestamp="2026-06-12T20:48:41.460Z" hostname="mock-api" tests="4" failures="0" skipped="0" time="25.136" errors="0">
<testcase name="Suite 5: Mock API › rejects invalid login via page.route @mock" classname="tests\suites\05-mock-api.spec.ts" time="5.749">
<system-out>
<![CDATA[
[[ATTACHMENT|test-results\05-mock-api-Suite-5-Mock-A-916db-d-login-via-page-route-mock-mock-api\video.webm]]
]]>
</system-out>
</testcase>
<testcase name="Suite 5: Mock API › logs in with mocks @mock" classname="tests\suites\05-mock-api.spec.ts" time="7.181">
<system-out>
<![CDATA[
[[ATTACHMENT|test-results\05-mock-api-Suite-5-Mock-API-logs-in-with-mocks-mock-mock-api\video.webm]]
]]>
</system-out>
</testcase>
<testcase name="Suite 5: Mock API › replays failed login from HAR @mock" classname="tests\suites\05-mock-api.spec.ts" time="5.619">
<system-out>
<![CDATA[
[[ATTACHMENT|test-results\05-mock-api-Suite-5-Mock-A-bc1f7--failed-login-from-HAR-mock-mock-api\video.webm]]
]]>
</system-out>
</testcase>
<testcase name="Suite 5: Mock API › logs in with full manager session from HAR @mock" classname="tests\suites\05-mock-api.spec.ts" time="6.587">
<system-out>
<![CDATA[
[[ATTACHMENT|test-results\05-mock-api-Suite-5-Mock-A-5bb88-nager-session-from-HAR-mock-mock-api\video.webm]]
]]>
</system-out>
</testcase>
</testsuite>
<testsuite name="tests\suites\04-developer.spec.ts" timestamp="2026-06-12T20:48:41.460Z" hostname="developer" tests="4" failures="0" skipped="0" time="111.571" errors="0">
<testcase name="Suite 4: Developer › verifies assigned task metrics @smoke" classname="tests\suites\04-developer.spec.ts" time="16.16">
<system-out>
<![CDATA[
[[ATTACHMENT|test-results\04-developer-Suite-4-Devel-8c7c3-assigned-task-metrics-smoke-developer\video.webm]]
]]>
</system-out>
</testcase>
<testcase name="Suite 4: Developer › shows table rows when tasks are assigned" classname="tests\suites\04-developer.spec.ts" time="16.308">
<system-out>
<![CDATA[
[[ATTACHMENT|test-results\04-developer-Suite-4-Devel-4ce66-ows-when-tasks-are-assigned-developer\video.webm]]
]]>
</system-out>
</testcase>
<testcase name="Suite 4: Developer › marks a task as completed in Kanban" classname="tests\suites\04-developer.spec.ts" time="61.779">
<system-out>
<![CDATA[
[[ATTACHMENT|test-results\04-developer-Suite-4-Devel-8e611-task-as-completed-in-Kanban-developer\attachments\kanban-task-in-done-png-9961483ed23711fdcf6858ff9b2f95d7854ebcbd.png]]

[[ATTACHMENT|test-results\04-developer-Suite-4-Devel-8e611-task-as-completed-in-Kanban-developer\attachments\my-tasks-status-done-png-905d882833730658fd2a60ea20055370496c9f3d.png]]

[[ATTACHMENT|test-results\04-developer-Suite-4-Devel-8e611-task-as-completed-in-Kanban-developer\video.webm]]
]]>
</system-out>
</testcase>
<testcase name="Suite 4: Developer › opens My Performance" classname="tests\suites\04-developer.spec.ts" time="17.324">
<system-out>
<![CDATA[
[[ATTACHMENT|test-results\04-developer-Suite-4-Developer-opens-My-Performance-developer\video.webm]]
]]>
</system-out>
</testcase>
</testsuite>
</testsuites>